07-Nov-2017 11:47:08.610 INFOS [main] org.apache.catalina.startup.VersionLoggerListener.log Server version:        Apache Tomcat/9.0.1
07-Nov-2017 11:47:08.612 INFOS [main] org.apache.catalina.startup.VersionLoggerListener.log Server built:          Sep 27 2017 17:31:52 UTC
07-Nov-2017 11:47:08.612 INFOS [main] org.apache.catalina.startup.VersionLoggerListener.log Server number:         9.0.1.0
07-Nov-2017 11:47:08.612 INFOS [main] org.apache.catalina.startup.VersionLoggerListener.log OS Name:               Linux
07-Nov-2017 11:47:08.612 INFOS [main] org.apache.catalina.startup.VersionLoggerListener.log OS Version:            3.16.0-4-amd64
07-Nov-2017 11:47:08.612 INFOS [main] org.apache.catalina.startup.VersionLoggerListener.log Architecture:          amd64
07-Nov-2017 11:47:08.612 INFOS [main] org.apache.catalina.startup.VersionLoggerListener.log Java Home:             /usr/lib/jvm/jdk-8-oracle-x64/jre
07-Nov-2017 11:47:08.612 INFOS [main] org.apache.catalina.startup.VersionLoggerListener.log JVM Version:           1.8.0_71-b15
07-Nov-2017 11:47:08.612 INFOS [main] org.apache.catalina.startup.VersionLoggerListener.log JVM Vendor:            Oracle Corporation
07-Nov-2017 11:47:08.612 INFOS [main] org.apache.catalina.startup.VersionLoggerListener.log CATALINA_BASE:         /home/infoetu/vieiras/tomcat
07-Nov-2017 11:47:08.612 INFOS [main] org.apache.catalina.startup.VersionLoggerListener.log CATALINA_HOME:         /home/infoetu/vieiras/tomcat
07-Nov-2017 11:47:08.613 INFOS [main] org.apache.catalina.startup.VersionLoggerListener.log Command line argument: -Djava.util.logging.config.file=/home/infoetu/vieiras/tomcat/conf/logging.properties
07-Nov-2017 11:47:08.613 INFOS [main] org.apache.catalina.startup.VersionLoggerListener.log Command line argument: -Djava.util.logging.manager=org.apache.juli.ClassLoaderLogManager
07-Nov-2017 11:47:08.613 INFOS [main] org.apache.catalina.startup.VersionLoggerListener.log Command line argument: -Djdk.tls.ephemeralDHKeySize=2048
07-Nov-2017 11:47:08.613 INFOS [main] org.apache.catalina.startup.VersionLoggerListener.log Command line argument: -Djava.protocol.handler.pkgs=org.apache.catalina.webresources
07-Nov-2017 11:47:08.613 INFOS [main] org.apache.catalina.startup.VersionLoggerListener.log Command line argument: -Dcatalina.base=/home/infoetu/vieiras/tomcat
07-Nov-2017 11:47:08.613 INFOS [main] org.apache.catalina.startup.VersionLoggerListener.log Command line argument: -Dcatalina.home=/home/infoetu/vieiras/tomcat
07-Nov-2017 11:47:08.613 INFOS [main] org.apache.catalina.startup.VersionLoggerListener.log Command line argument: -Djava.io.tmpdir=/home/infoetu/vieiras/tomcat/temp
07-Nov-2017 11:47:08.613 INFOS [main] org.apache.catalina.core.AprLifecycleListener.lifecycleEvent The APR based Apache Tomcat Native library which allows optimal performance in production environments was not found on the java.library.path: [/usr/java/packages/lib/amd64:/usr/lib64:/lib64:/lib:/usr/lib]
07-Nov-2017 11:47:08.733 INFOS [main] org.apache.coyote.AbstractProtocol.init Initializing ProtocolHandler ["http-nio-8080"]
07-Nov-2017 11:47:08.746 INFOS [main] org.apache.tomcat.util.net.NioSelectorPool.getSharedSelector Using a shared selector for servlet write/read
07-Nov-2017 11:47:08.751 INFOS [main] org.apache.coyote.AbstractProtocol.init Initializing ProtocolHandler ["ajp-nio-8009"]
07-Nov-2017 11:47:08.752 INFOS [main] org.apache.tomcat.util.net.NioSelectorPool.getSharedSelector Using a shared selector for servlet write/read
07-Nov-2017 11:47:08.752 INFOS [main] org.apache.catalina.startup.Catalina.load Initialization processed in 477 ms
07-Nov-2017 11:47:08.776 INFOS [main] org.apache.catalina.core.StandardService.startInternal Démarrage du service [Catalina]
07-Nov-2017 11:47:08.776 INFOS [main] org.apache.catalina.core.StandardEngine.startInternal Starting Servlet Engine: Apache Tomcat/9.0.1
07-Nov-2017 11:47:08.783 INFOS [main] org.apache.catalina.startup.HostConfig.deployDirectory Déploiement du répertoire [/home/infoetu/vieiras/tomcat/webapps/ROOT] de l'application web
07-Nov-2017 11:47:09.029 INFOS [main] org.apache.catalina.startup.HostConfig.deployDirectory Deployment of web application directory [/home/infoetu/vieiras/tomcat/webapps/ROOT] has finished in [245] ms
07-Nov-2017 11:47:09.030 INFOS [main] org.apache.catalina.startup.HostConfig.deployDirectory Déploiement du répertoire [/home/infoetu/vieiras/tomcat/webapps/input] de l'application web
07-Nov-2017 11:47:09.073 INFOS [main] org.apache.catalina.startup.HostConfig.deployDirectory Deployment of web application directory [/home/infoetu/vieiras/tomcat/webapps/input] has finished in [42] ms
07-Nov-2017 11:47:09.073 INFOS [main] org.apache.catalina.startup.HostConfig.deployDirectory Déploiement du répertoire [/home/infoetu/vieiras/tomcat/webapps/select] de l'application web
07-Nov-2017 11:47:09.098 INFOS [main] org.apache.catalina.startup.HostConfig.deployDirectory Deployment of web application directory [/home/infoetu/vieiras/tomcat/webapps/select] has finished in [25] ms
07-Nov-2017 11:47:09.099 INFOS [main] org.apache.catalina.startup.HostConfig.deployDirectory Déploiement du répertoire [/home/infoetu/vieiras/tomcat/webapps/vide] de l'application web
07-Nov-2017 11:47:09.121 INFOS [main] org.apache.catalina.startup.HostConfig.deployDirectory Deployment of web application directory [/home/infoetu/vieiras/tomcat/webapps/vide] has finished in [21] ms
07-Nov-2017 11:47:09.121 INFOS [main] org.apache.catalina.startup.HostConfig.deployDirectory Déploiement du répertoire [/home/infoetu/vieiras/tomcat/webapps/docs] de l'application web
07-Nov-2017 11:47:09.137 INFOS [main] org.apache.catalina.startup.HostConfig.deployDirectory Deployment of web application directory [/home/infoetu/vieiras/tomcat/webapps/docs] has finished in [15] ms
07-Nov-2017 11:47:09.137 INFOS [main] org.apache.catalina.startup.HostConfig.deployDirectory Déploiement du répertoire [/home/infoetu/vieiras/tomcat/webapps/manager] de l'application web
07-Nov-2017 11:47:09.165 INFOS [main] org.apache.catalina.startup.HostConfig.deployDirectory Deployment of web application directory [/home/infoetu/vieiras/tomcat/webapps/manager] has finished in [28] ms
07-Nov-2017 11:47:09.166 INFOS [main] org.apache.catalina.startup.HostConfig.deployDirectory Déploiement du répertoire [/home/infoetu/vieiras/tomcat/webapps/host-manager] de l'application web
07-Nov-2017 11:47:09.186 INFOS [main] org.apache.catalina.startup.HostConfig.deployDirectory Deployment of web application directory [/home/infoetu/vieiras/tomcat/webapps/host-manager] has finished in [20] ms
07-Nov-2017 11:47:09.187 INFOS [main] org.apache.catalina.startup.HostConfig.deployDirectory Déploiement du répertoire [/home/infoetu/vieiras/tomcat/webapps/examples] de l'application web
07-Nov-2017 11:47:09.534 INFOS [main] org.apache.catalina.startup.HostConfig.deployDirectory Deployment of web application directory [/home/infoetu/vieiras/tomcat/webapps/examples] has finished in [347] ms
07-Nov-2017 11:47:09.536 INFOS [main] org.apache.coyote.AbstractProtocol.start Starting ProtocolHandler ["http-nio-8080"]
07-Nov-2017 11:47:09.545 INFOS [main] org.apache.coyote.AbstractProtocol.start Starting ProtocolHandler ["ajp-nio-8009"]
07-Nov-2017 11:47:09.546 INFOS [main] org.apache.catalina.startup.Catalina.start Server startup in 793 ms
07-Nov-2017 11:50:39.634 INFOS [ContainerBackgroundProcessor[StandardEngine[Catalina]]] org.apache.catalina.core.StandardContext.reload Le rechargement du contexte [/input] a démarré
07-Nov-2017 11:50:39.659 INFOS [ContainerBackgroundProcessor[StandardEngine[Catalina]]] org.apache.catalina.core.StandardContext.reload Le rechargement de ce contexte est terminé
07-Nov-2017 11:52:45.453 INFOS [main] org.apache.catalina.core.StandardServer.await A valid shutdown command was received via the shutdown port. Stopping the Server instance.
07-Nov-2017 11:52:45.454 INFOS [main] org.apache.coyote.AbstractProtocol.pause Pausing ProtocolHandler ["http-nio-8080"]
07-Nov-2017 11:52:45.506 INFOS [main] org.apache.coyote.AbstractProtocol.pause Pausing ProtocolHandler ["ajp-nio-8009"]
07-Nov-2017 11:52:45.557 INFOS [main] org.apache.catalina.core.StandardService.stopInternal Arrêt du service [Catalina]
07-Nov-2017 11:52:45.575 INFOS [main] org.apache.coyote.AbstractProtocol.stop Stopping ProtocolHandler ["http-nio-8080"]
07-Nov-2017 11:52:45.577 INFOS [main] org.apache.coyote.AbstractProtocol.stop Stopping ProtocolHandler ["ajp-nio-8009"]
07-Nov-2017 11:52:45.585 INFOS [main] org.apache.coyote.AbstractProtocol.destroy Destroying ProtocolHandler ["http-nio-8080"]
07-Nov-2017 11:52:45.585 INFOS [main] org.apache.coyote.AbstractProtocol.destroy Destroying ProtocolHandler ["ajp-nio-8009"]
07-Nov-2017 11:52:51.202 INFOS [main] org.apache.catalina.startup.VersionLoggerListener.log Server version:        Apache Tomcat/9.0.1
07-Nov-2017 11:52:51.204 INFOS [main] org.apache.catalina.startup.VersionLoggerListener.log Server built:          Sep 27 2017 17:31:52 UTC
07-Nov-2017 11:52:51.204 INFOS [main] org.apache.catalina.startup.VersionLoggerListener.log Server number:         9.0.1.0
07-Nov-2017 11:52:51.204 INFOS [main] org.apache.catalina.startup.VersionLoggerListener.log OS Name:               Linux
07-Nov-2017 11:52:51.204 INFOS [main] org.apache.catalina.startup.VersionLoggerListener.log OS Version:            3.16.0-4-amd64
07-Nov-2017 11:52:51.204 INFOS [main] org.apache.catalina.startup.VersionLoggerListener.log Architecture:          amd64
07-Nov-2017 11:52:51.205 INFOS [main] org.apache.catalina.startup.VersionLoggerListener.log Java Home:             /usr/lib/jvm/jdk-8-oracle-x64/jre
07-Nov-2017 11:52:51.205 INFOS [main] org.apache.catalina.startup.VersionLoggerListener.log JVM Version:           1.8.0_71-b15
07-Nov-2017 11:52:51.205 INFOS [main] org.apache.catalina.startup.VersionLoggerListener.log JVM Vendor:            Oracle Corporation
07-Nov-2017 11:52:51.205 INFOS [main] org.apache.catalina.startup.VersionLoggerListener.log CATALINA_BASE:         /home/infoetu/vieiras/tomcat
07-Nov-2017 11:52:51.205 INFOS [main] org.apache.catalina.startup.VersionLoggerListener.log CATALINA_HOME:         /home/infoetu/vieiras/tomcat
07-Nov-2017 11:52:51.205 INFOS [main] org.apache.catalina.startup.VersionLoggerListener.log Command line argument: -Djava.util.logging.config.file=/home/infoetu/vieiras/tomcat/conf/logging.properties
07-Nov-2017 11:52:51.205 INFOS [main] org.apache.catalina.startup.VersionLoggerListener.log Command line argument: -Djava.util.logging.manager=org.apache.juli.ClassLoaderLogManager
07-Nov-2017 11:52:51.205 INFOS [main] org.apache.catalina.startup.VersionLoggerListener.log Command line argument: -Djdk.tls.ephemeralDHKeySize=2048
07-Nov-2017 11:52:51.205 INFOS [main] org.apache.catalina.startup.VersionLoggerListener.log Command line argument: -Djava.protocol.handler.pkgs=org.apache.catalina.webresources
07-Nov-2017 11:52:51.205 INFOS [main] org.apache.catalina.startup.VersionLoggerListener.log Command line argument: -Dcatalina.base=/home/infoetu/vieiras/tomcat
07-Nov-2017 11:52:51.205 INFOS [main] org.apache.catalina.startup.VersionLoggerListener.log Command line argument: -Dcatalina.home=/home/infoetu/vieiras/tomcat
07-Nov-2017 11:52:51.206 INFOS [main] org.apache.catalina.startup.VersionLoggerListener.log Command line argument: -Djava.io.tmpdir=/home/infoetu/vieiras/tomcat/temp
07-Nov-2017 11:52:51.206 INFOS [main] org.apache.catalina.core.AprLifecycleListener.lifecycleEvent The APR based Apache Tomcat Native library which allows optimal performance in production environments was not found on the java.library.path: [/usr/java/packages/lib/amd64:/usr/lib64:/lib64:/lib:/usr/lib]
07-Nov-2017 11:52:51.302 INFOS [main] org.apache.coyote.AbstractProtocol.init Initializing ProtocolHandler ["http-nio-8080"]
07-Nov-2017 11:52:51.311 INFOS [main] org.apache.tomcat.util.net.NioSelectorPool.getSharedSelector Using a shared selector for servlet write/read
07-Nov-2017 11:52:51.320 INFOS [main] org.apache.coyote.AbstractProtocol.init Initializing ProtocolHandler ["ajp-nio-8009"]
07-Nov-2017 11:52:51.321 INFOS [main] org.apache.tomcat.util.net.NioSelectorPool.getSharedSelector Using a shared selector for servlet write/read
07-Nov-2017 11:52:51.324 INFOS [main] org.apache.catalina.startup.Catalina.load Initialization processed in 406 ms
07-Nov-2017 11:52:51.346 INFOS [main] org.apache.catalina.core.StandardService.startInternal Démarrage du service [Catalina]
07-Nov-2017 11:52:51.346 INFOS [main] org.apache.catalina.core.StandardEngine.startInternal Starting Servlet Engine: Apache Tomcat/9.0.1
07-Nov-2017 11:52:51.352 INFOS [main] org.apache.catalina.startup.HostConfig.deployDirectory Déploiement du répertoire [/home/infoetu/vieiras/tomcat/webapps/ROOT] de l'application web
07-Nov-2017 11:52:51.586 INFOS [main] org.apache.catalina.startup.HostConfig.deployDirectory Deployment of web application directory [/home/infoetu/vieiras/tomcat/webapps/ROOT] has finished in [233] ms
07-Nov-2017 11:52:51.587 INFOS [main] org.apache.catalina.startup.HostConfig.deployDirectory Déploiement du répertoire [/home/infoetu/vieiras/tomcat/webapps/input] de l'application web
07-Nov-2017 11:52:51.626 INFOS [main] org.apache.catalina.startup.HostConfig.deployDirectory Deployment of web application directory [/home/infoetu/vieiras/tomcat/webapps/input] has finished in [39] ms
07-Nov-2017 11:52:51.627 INFOS [main] org.apache.catalina.startup.HostConfig.deployDirectory Déploiement du répertoire [/home/infoetu/vieiras/tomcat/webapps/select] de l'application web
07-Nov-2017 11:52:51.656 INFOS [main] org.apache.catalina.startup.HostConfig.deployDirectory Deployment of web application directory [/home/infoetu/vieiras/tomcat/webapps/select] has finished in [29] ms
07-Nov-2017 11:52:51.656 INFOS [main] org.apache.catalina.startup.HostConfig.deployDirectory Déploiement du répertoire [/home/infoetu/vieiras/tomcat/webapps/vide] de l'application web
07-Nov-2017 11:52:51.679 INFOS [main] org.apache.catalina.startup.HostConfig.deployDirectory Deployment of web application directory [/home/infoetu/vieiras/tomcat/webapps/vide] has finished in [22] ms
07-Nov-2017 11:52:51.679 INFOS [main] org.apache.catalina.startup.HostConfig.deployDirectory Déploiement du répertoire [/home/infoetu/vieiras/tomcat/webapps/docs] de l'application web
07-Nov-2017 11:52:51.691 INFOS [main] org.apache.catalina.startup.HostConfig.deployDirectory Deployment of web application directory [/home/infoetu/vieiras/tomcat/webapps/docs] has finished in [12] ms
07-Nov-2017 11:52:51.691 INFOS [main] org.apache.catalina.startup.HostConfig.deployDirectory Déploiement du répertoire [/home/infoetu/vieiras/tomcat/webapps/manager] de l'application web
07-Nov-2017 11:52:51.715 INFOS [main] org.apache.catalina.startup.HostConfig.deployDirectory Deployment of web application directory [/home/infoetu/vieiras/tomcat/webapps/manager] has finished in [24] ms
07-Nov-2017 11:52:51.715 INFOS [main] org.apache.catalina.startup.HostConfig.deployDirectory Déploiement du répertoire [/home/infoetu/vieiras/tomcat/webapps/host-manager] de l'application web
07-Nov-2017 11:52:51.737 INFOS [main] org.apache.catalina.startup.HostConfig.deployDirectory Deployment of web application directory [/home/infoetu/vieiras/tomcat/webapps/host-manager] has finished in [22] ms
07-Nov-2017 11:52:51.737 INFOS [main] org.apache.catalina.startup.HostConfig.deployDirectory Déploiement du répertoire [/home/infoetu/vieiras/tomcat/webapps/examples] de l'application web
07-Nov-2017 11:52:52.027 INFOS [main] org.apache.catalina.startup.HostConfig.deployDirectory Deployment of web application directory [/home/infoetu/vieiras/tomcat/webapps/examples] has finished in [289] ms
07-Nov-2017 11:52:52.029 INFOS [main] org.apache.coyote.AbstractProtocol.start Starting ProtocolHandler ["http-nio-8080"]
07-Nov-2017 11:52:52.048 INFOS [main] org.apache.coyote.AbstractProtocol.start Starting ProtocolHandler ["ajp-nio-8009"]
07-Nov-2017 11:52:52.050 INFOS [main] org.apache.catalina.startup.Catalina.start Server startup in 725 ms
07-Nov-2017 21:00:01.678 INFOS [Thread-5] org.apache.coyote.AbstractProtocol.pause Pausing ProtocolHandler ["http-nio-8080"]
07-Nov-2017 21:00:01.698 INFOS [Thread-5] org.apache.coyote.AbstractProtocol.pause Pausing ProtocolHandler ["ajp-nio-8009"]
07-Nov-2017 21:00:01.699 INFOS [Thread-5] org.apache.catalina.core.StandardService.stopInternal Arrêt du service [Catalina]
07-Nov-2017 21:00:01.788 INFOS [Thread-5] org.apache.coyote.AbstractProtocol.stop Stopping ProtocolHandler ["http-nio-8080"]
07-Nov-2017 21:00:01.789 INFOS [Thread-5] org.apache.coyote.AbstractProtocol.stop Stopping ProtocolHandler ["ajp-nio-8009"]
07-Nov-2017 21:00:01.793 INFOS [Thread-5] org.apache.coyote.AbstractProtocol.destroy Destroying ProtocolHandler ["http-nio-8080"]
07-Nov-2017 21:00:01.793 INFOS [Thread-5] org.apache.coyote.AbstractProtocol.destroy Destroying ProtocolHandler ["ajp-nio-8009"]
