24-Oct-2017 10:53:34.951 INFOS [main] org.apache.catalina.core.ApplicationContext.log ContextListener: contextInitialized()
24-Oct-2017 10:53:34.951 INFOS [main] org.apache.catalina.core.ApplicationContext.log SessionListener: contextInitialized()
24-Oct-2017 11:00:40.953 INFOS [main] org.apache.catalina.core.ApplicationContext.log ContextListener: contextInitialized()
24-Oct-2017 11:00:40.953 INFOS [main] org.apache.catalina.core.ApplicationContext.log SessionListener: contextInitialized()
24-Oct-2017 11:00:40.973 INFOS [main] org.apache.catalina.core.ApplicationContext.log SessionListener: contextDestroyed()
24-Oct-2017 11:00:40.973 INFOS [main] org.apache.catalina.core.ApplicationContext.log ContextListener: contextDestroyed()
24-Oct-2017 11:11:13.377 INFOS [main] org.apache.catalina.core.ApplicationContext.log ContextListener: contextInitialized()
24-Oct-2017 11:11:13.377 INFOS [main] org.apache.catalina.core.ApplicationContext.log SessionListener: contextInitialized()
24-Oct-2017 11:11:13.393 INFOS [main] org.apache.catalina.core.ApplicationContext.log SessionListener: contextDestroyed()
24-Oct-2017 11:11:13.393 INFOS [main] org.apache.catalina.core.ApplicationContext.log ContextListener: contextDestroyed()
24-Oct-2017 11:14:38.967 INFOS [main] org.apache.catalina.core.ApplicationContext.log ContextListener: contextInitialized()
24-Oct-2017 11:14:38.968 INFOS [main] org.apache.catalina.core.ApplicationContext.log SessionListener: contextInitialized()
24-Oct-2017 11:14:38.982 INFOS [main] org.apache.catalina.core.ApplicationContext.log SessionListener: contextDestroyed()
24-Oct-2017 11:14:38.982 INFOS [main] org.apache.catalina.core.ApplicationContext.log ContextListener: contextDestroyed()
24-Oct-2017 11:17:00.988 INFOS [main] org.apache.catalina.core.ApplicationContext.log ContextListener: contextInitialized()
24-Oct-2017 11:17:00.988 INFOS [main] org.apache.catalina.core.ApplicationContext.log SessionListener: contextInitialized()
24-Oct-2017 11:17:01.005 INFOS [main] org.apache.catalina.core.ApplicationContext.log SessionListener: contextDestroyed()
24-Oct-2017 11:17:01.005 INFOS [main] org.apache.catalina.core.ApplicationContext.log ContextListener: contextDestroyed()
24-Oct-2017 11:18:52.431 INFOS [main] org.apache.catalina.core.ApplicationContext.log ContextListener: contextInitialized()
24-Oct-2017 11:18:52.431 INFOS [main] org.apache.catalina.core.ApplicationContext.log SessionListener: contextInitialized()
24-Oct-2017 11:18:52.454 INFOS [main] org.apache.catalina.core.ApplicationContext.log SessionListener: contextDestroyed()
24-Oct-2017 11:18:52.454 INFOS [main] org.apache.catalina.core.ApplicationContext.log ContextListener: contextDestroyed()
24-Oct-2017 11:24:45.077 INFOS [main] org.apache.catalina.core.ApplicationContext.log ContextListener: contextInitialized()
24-Oct-2017 11:24:45.077 INFOS [main] org.apache.catalina.core.ApplicationContext.log SessionListener: contextInitialized()
24-Oct-2017 11:24:45.093 INFOS [main] org.apache.catalina.core.ApplicationContext.log SessionListener: contextDestroyed()
24-Oct-2017 11:24:45.094 INFOS [main] org.apache.catalina.core.ApplicationContext.log ContextListener: contextDestroyed()
24-Oct-2017 11:25:18.228 INFOS [main] org.apache.catalina.core.ApplicationContext.log SessionListener: contextDestroyed()
24-Oct-2017 11:25:18.228 INFOS [main] org.apache.catalina.core.ApplicationContext.log ContextListener: contextDestroyed()
24-Oct-2017 11:25:22.516 INFOS [main] org.apache.catalina.core.ApplicationContext.log ContextListener: contextInitialized()
24-Oct-2017 11:25:22.516 INFOS [main] org.apache.catalina.core.ApplicationContext.log SessionListener: contextInitialized()
24-Oct-2017 11:27:37.270 INFOS [Thread-5] org.apache.catalina.core.ApplicationContext.log SessionListener: contextDestroyed()
24-Oct-2017 11:27:37.270 INFOS [Thread-5] org.apache.catalina.core.ApplicationContext.log ContextListener: contextDestroyed()
24-Oct-2017 11:27:45.870 INFOS [main] org.apache.catalina.core.ApplicationContext.log ContextListener: contextInitialized()
24-Oct-2017 11:27:45.870 INFOS [main] org.apache.catalina.core.ApplicationContext.log SessionListener: contextInitialized()
24-Oct-2017 11:29:46.530 INFOS [main] org.apache.catalina.core.ApplicationContext.log SessionListener: contextDestroyed()
24-Oct-2017 11:29:46.530 INFOS [main] org.apache.catalina.core.ApplicationContext.log ContextListener: contextDestroyed()
24-Oct-2017 11:29:54.972 INFOS [main] org.apache.catalina.core.ApplicationContext.log ContextListener: contextInitialized()
24-Oct-2017 11:29:54.972 INFOS [main] org.apache.catalina.core.ApplicationContext.log SessionListener: contextInitialized()
24-Oct-2017 11:30:22.835 INFOS [Thread-5] org.apache.catalina.core.ApplicationContext.log SessionListener: contextDestroyed()
24-Oct-2017 11:30:22.835 INFOS [Thread-5] org.apache.catalina.core.ApplicationContext.log ContextListener: contextDestroyed()
24-Oct-2017 11:30:55.977 INFOS [main] org.apache.catalina.core.ApplicationContext.log ContextListener: contextInitialized()
24-Oct-2017 11:30:55.977 INFOS [main] org.apache.catalina.core.ApplicationContext.log SessionListener: contextInitialized()
24-Oct-2017 11:39:52.417 INFOS [Thread-5] org.apache.catalina.core.ApplicationContext.log SessionListener: contextDestroyed()
24-Oct-2017 11:39:52.418 INFOS [Thread-5] org.apache.catalina.core.ApplicationContext.log ContextListener: contextDestroyed()
24-Oct-2017 11:40:05.654 INFOS [main] org.apache.catalina.core.ApplicationContext.log ContextListener: contextInitialized()
24-Oct-2017 11:40:05.654 INFOS [main] org.apache.catalina.core.ApplicationContext.log SessionListener: contextInitialized()
24-Oct-2017 11:55:59.954 INFOS [Thread-5] org.apache.catalina.core.ApplicationContext.log SessionListener: contextDestroyed()
24-Oct-2017 11:55:59.955 INFOS [Thread-5] org.apache.catalina.core.ApplicationContext.log ContextListener: contextDestroyed()
24-Oct-2017 11:56:12.883 INFOS [main] org.apache.catalina.core.ApplicationContext.log ContextListener: contextInitialized()
24-Oct-2017 11:56:12.883 INFOS [main] org.apache.catalina.core.ApplicationContext.log SessionListener: contextInitialized()
24-Oct-2017 11:57:58.450 INFOS [Thread-5] org.apache.catalina.core.ApplicationContext.log SessionListener: contextDestroyed()
24-Oct-2017 11:57:58.450 INFOS [Thread-5] org.apache.catalina.core.ApplicationContext.log ContextListener: contextDestroyed()
24-Oct-2017 11:58:04.138 INFOS [main] org.apache.catalina.core.ApplicationContext.log ContextListener: contextInitialized()
24-Oct-2017 11:58:04.138 INFOS [main] org.apache.catalina.core.ApplicationContext.log SessionListener: contextInitialized()
24-Oct-2017 12:01:06.662 INFOS [Thread-5] org.apache.catalina.core.ApplicationContext.log SessionListener: contextDestroyed()
24-Oct-2017 12:01:06.662 INFOS [Thread-5] org.apache.catalina.core.ApplicationContext.log ContextListener: contextDestroyed()
24-Oct-2017 12:01:12.260 INFOS [main] org.apache.catalina.core.ApplicationContext.log ContextListener: contextInitialized()
24-Oct-2017 12:01:12.260 INFOS [main] org.apache.catalina.core.ApplicationContext.log SessionListener: contextInitialized()
24-Oct-2017 12:02:26.198 INFOS [Thread-5] org.apache.catalina.core.ApplicationContext.log SessionListener: contextDestroyed()
24-Oct-2017 12:02:26.198 INFOS [Thread-5] org.apache.catalina.core.ApplicationContext.log ContextListener: contextDestroyed()
