08-Nov-2017 11:34:12.896 INFOS [main] org.apache.catalina.core.ApplicationContext.log ContextListener: contextInitialized()
08-Nov-2017 11:34:12.897 INFOS [main] org.apache.catalina.core.ApplicationContext.log SessionListener: contextInitialized()
08-Nov-2017 11:39:20.774 INFOS [main] org.apache.catalina.core.ApplicationContext.log SessionListener: contextDestroyed()
08-Nov-2017 11:39:20.775 INFOS [main] org.apache.catalina.core.ApplicationContext.log ContextListener: contextDestroyed()
08-Nov-2017 11:39:24.727 INFOS [main] org.apache.catalina.core.ApplicationContext.log ContextListener: contextInitialized()
08-Nov-2017 11:39:24.727 INFOS [main] org.apache.catalina.core.ApplicationContext.log SessionListener: contextInitialized()
08-Nov-2017 11:41:39.107 INFOS [main] org.apache.catalina.core.ApplicationContext.log SessionListener: contextDestroyed()
08-Nov-2017 11:41:39.107 INFOS [main] org.apache.catalina.core.ApplicationContext.log ContextListener: contextDestroyed()
08-Nov-2017 11:41:41.922 INFOS [main] org.apache.catalina.core.ApplicationContext.log ContextListener: contextInitialized()
08-Nov-2017 11:41:41.922 INFOS [main] org.apache.catalina.core.ApplicationContext.log SessionListener: contextInitialized()
08-Nov-2017 11:48:14.472 INFOS [main] org.apache.catalina.core.ApplicationContext.log SessionListener: contextDestroyed()
08-Nov-2017 11:48:14.472 INFOS [main] org.apache.catalina.core.ApplicationContext.log ContextListener: contextDestroyed()
08-Nov-2017 11:48:17.042 INFOS [main] org.apache.catalina.core.ApplicationContext.log ContextListener: contextInitialized()
08-Nov-2017 11:48:17.042 INFOS [main] org.apache.catalina.core.ApplicationContext.log SessionListener: contextInitialized()
08-Nov-2017 11:53:43.044 INFOS [main] org.apache.catalina.core.ApplicationContext.log SessionListener: contextDestroyed()
08-Nov-2017 11:53:43.044 INFOS [main] org.apache.catalina.core.ApplicationContext.log ContextListener: contextDestroyed()
08-Nov-2017 11:59:26.234 INFOS [main] org.apache.catalina.core.ApplicationContext.log ContextListener: contextInitialized()
08-Nov-2017 11:59:26.234 INFOS [main] org.apache.catalina.core.ApplicationContext.log SessionListener: contextInitialized()
08-Nov-2017 21:00:02.051 INFOS [Thread-5] org.apache.catalina.core.ApplicationContext.log SessionListener: contextDestroyed()
08-Nov-2017 21:00:02.052 INFOS [Thread-5] org.apache.catalina.core.ApplicationContext.log ContextListener: contextDestroyed()
